<?xml version="1.0" encoding="UTF-8"?>
<testsuite name="web.bridagelabz.CabInvoiceGenerator.InvoiceServiceTest" tests="6" skipped="0" failures="0" errors="0" timestamp="2020-04-24T08:52:29" hostname="DESKTOP-PNBK60O" time="0.01">
  <properties/>
  <testcase name="givenDistanceAndTimeReturn_TotalFare" classname="web.bridagelabz.CabInvoiceGenerator.InvoiceServiceTest" time="0.003"/>
  <testcase name="givenMultipleRides_SholdReturnInvoiceSummary" classname="web.bridagelabz.CabInvoiceGenerator.InvoiceServiceTest" time="0.005"/>
  <testcase name="givenDistance_Time_lessAndReturn_MinFare" classname="web.bridagelabz.CabInvoiceGenerator.InvoiceServiceTest" time="0.0"/>
  <testcase name="genrateBillWhenRideIspremimum" classname="web.bridagelabz.CabInvoiceGenerator.InvoiceServiceTest" time="0.0"/>
  <testcase name="givenUserIdAndridesShuoldReturnInvoiceSummary_WhenRideIs_Prime" classname="web.bridagelabz.CabInvoiceGenerator.InvoiceServiceTest" time="0.0"/>
  <testcase name="givenUserIdAndridesShuoldReturnInvoiceSummary" classname="web.bridagelabz.CabInvoiceGenerator.InvoiceServiceTest" time="0.001"/>
  <system-out><![CDATA[65.0   semi total
96.0   semi total
96.0
65.0   semi total
90.0   semi total
201.5   semi total
201.5
65.0   semi total
90.0   semi total
90.0
]]></system-out>
  <system-err><![CDATA[]]></system-err>
</testsuite>
